<?xml version="1.0" encoding="UTF-8"?>
<!-- Generated by org.testng.reporters.JUnitXMLReporter -->
<testsuite hostname="YY010327" name="Test" tests="3" failures="3" timestamp="29 Oct 2018 19:52:07 GMT" time="90.213" errors="0">
  <testcase name="VerifyAddition" time="37.614" classname="com.appium.webdriver.tests.AndroidTest">
    <failure type="junit.framework.ComparisonFailure" message="7.00 expected:&amp;lt;[7.00]&amp;gt; but was:&amp;lt;[Failed to verify addition]&amp;gt;">
      <![CDATA[junit.framework.ComparisonFailure: 7.00 expected:<[7.00]> but was:<[Failed to verify addition]>
	at junit.framework.Assert.assertEquals(Assert.java:85)
	at com.appium.webdriver.tests.AndroidTest.VerifyAddition(AndroidTest.java:18)
... Removed 24 stack frames]]>
    </failure>
  </testcase> <!-- VerifyAddition -->
  <testcase name="VerifyMultiplication" time="26.093" classname="com.appium.webdriver.tests.AndroidTest">
    <failure type="junit.framework.ComparisonFailure" message="10.00 expected:&amp;lt;[10.00]&amp;gt; but was:&amp;lt;[Failed to verify multiplication]&amp;gt;">
      <![CDATA[junit.framework.ComparisonFailure: 10.00 expected:<[10.00]> but was:<[Failed to verify multiplication]>
	at junit.framework.Assert.assertEquals(Assert.java:85)
	at com.appium.webdriver.tests.AndroidTest.VerifyMultiplication(AndroidTest.java:30)
... Removed 24 stack frames]]>
    </failure>
  </testcase> <!-- VerifyMultiplication -->
  <testcase name="VerifySubtraction" time="26.444" classname="com.appium.webdriver.tests.AndroidTest">
    <failure type="junit.framework.ComparisonFailure" message="-15.00 expected:&amp;lt;[25.00]&amp;gt; but was:&amp;lt;[Failed to verify Subtraction]&amp;gt;">
      <![CDATA[junit.framework.ComparisonFailure: -15.00 expected:<[25.00]> but was:<[Failed to verify Subtraction]>
	at junit.framework.Assert.assertEquals(Assert.java:85)
	at com.appium.webdriver.tests.AndroidTest.VerifySubtraction(AndroidTest.java:40)
... Removed 24 stack frames]]>
    </failure>
  </testcase> <!-- VerifySubtraction -->
</testsuite> <!-- Test -->
