<?xml version="1.0" encoding="UTF-8"?>
<testng-results skipped="0" failed="1" total="3" passed="2">
  <reporter-output>
  </reporter-output>
  <suite name="Default suite" duration-ms="94028" started-at="2018-10-29T19:53:06Z" finished-at="2018-10-29T19:54:40Z">
    <groups>
    </groups>
    <test name="Default test" duration-ms="94028" started-at="2018-10-29T19:53:06Z" finished-at="2018-10-29T19:54:40Z">
      <class name="com.appium.webdriver.tests.AndroidTest">
        <test-method status="PASS" signature="LaunchBrowser()[pri:0, instance:com.appium.webdriver.tests.AndroidTest@d041cf]" name="LaunchBrowser" is-config="true" duration-ms="40158" started-at="2018-10-30T01:22:26Z" finished-at="2018-10-30T01:23:06Z">
          <reporter-output>
          </reporter-output>
        </test-method> <!-- LaunchBrowser -->
        <test-method status="PASS" signature="VerifyAddition()[pri:0, instance:com.appium.webdriver.tests.AndroidTest@d041cf]" name="VerifyAddition" duration-ms="38331" started-at="2018-10-30T01:23:06Z" finished-at="2018-10-30T01:23:44Z">
          <reporter-output>
          </reporter-output>
        </test-method> <!-- VerifyAddition -->
        <test-method status="PASS" signature="VerifyMultiplication()[pri:0, instance:com.appium.webdriver.tests.AndroidTest@d041cf]" name="VerifyMultiplication" duration-ms="28638" started-at="2018-10-30T01:23:44Z" finished-at="2018-10-30T01:24:13Z">
          <reporter-output>
          </reporter-output>
        </test-method> <!-- VerifyMultiplication -->
        <test-method status="FAIL" signature="VerifySubtraction()[pri:0, instance:com.appium.webdriver.tests.AndroidTest@d041cf]" name="VerifySubtraction" duration-ms="27001" started-at="2018-10-30T01:24:13Z" finished-at="2018-10-30T01:24:40Z">
          <exception class="junit.framework.ComparisonFailure">
            <message>
              <![CDATA[expected:<[-1]5.00> but was:<[2]5.00>]]>
            </message>
            <full-stacktrace>
              <![CDATA[junit.framework.ComparisonFailure: expected:<[-1]5.00> but was:<[2]5.00>
	at junit.framework.Assert.assertEquals(Assert.java:85)
	at junit.framework.Assert.assertEquals(Assert.java:91)
	at com.appium.webdriver.tests.AndroidTest.VerifySubtraction(AndroidTest.java:40)
	at sun.reflect.NativeMethodAccessorImpl.invoke0(Native Method)
	at sun.reflect.NativeMethodAccessorImpl.invoke(NativeMethodAccessorImpl.java:62)
	at sun.reflect.DelegatingMethodAccessorImpl.invoke(DelegatingMethodAccessorImpl.java:43)
	at java.lang.reflect.Method.invoke(Method.java:497)
	at org.testng.internal.MethodInvocationHelper.invokeMethod(MethodInvocationHelper.java:80)
	at org.testng.internal.Invoker.invokeMethod(Invoker.java:714)
	at org.testng.internal.Invoker.invokeTestMethod(Invoker.java:901)
	at org.testng.internal.Invoker.invokeTestMethods(Invoker.java:1231)
	at org.testng.internal.TestMethodWorker.invokeTestMethods(TestMethodWorker.java:127)
	at org.testng.internal.TestMethodWorker.run(TestMethodWorker.java:111)
	at org.testng.TestRunner.privateRun(TestRunner.java:767)
	at org.testng.TestRunner.run(TestRunner.java:617)
	at org.testng.SuiteRunner.runTest(SuiteRunner.java:334)
	at org.testng.SuiteRunner.runSequentially(SuiteRunner.java:329)
	at org.testng.SuiteRunner.privateRun(SuiteRunner.java:291)
	at org.testng.SuiteRunner.run(SuiteRunner.java:240)
	at org.testng.SuiteRunnerWorker.runSuite(SuiteRunnerWorker.java:52)
	at org.testng.SuiteRunnerWorker.run(SuiteRunnerWorker.java:86)
	at org.testng.TestNG.runSuitesSequentially(TestNG.java:1198)
	at org.testng.TestNG.runSuitesLocally(TestNG.java:1123)
	at org.testng.TestNG.run(TestNG.java:1031)
	at org.testng.remote.RemoteTestNG.run(RemoteTestNG.java:115)
	at org.testng.remote.RemoteTestNG.initAndRun(RemoteTestNG.java:207)
	at org.testng.remote.RemoteTestNG.main(RemoteTestNG.java:178)
]]>
            </full-stacktrace>
          </exception> <!-- junit.framework.ComparisonFailure -->
          <reporter-output>
          </reporter-output>
        </test-method> <!-- VerifySubtraction -->
        <test-method status="PASS" signature="postCondition()[pri:0, instance:com.appium.webdriver.tests.AndroidTest@d041cf]" name="postCondition" is-config="true" duration-ms="10666" started-at="2018-10-30T01:24:40Z" finished-at="2018-10-30T01:24:51Z">
          <reporter-output>
          </reporter-output>
        </test-method> <!-- postCondition -->
      </class> <!-- com.appium.webdriver.tests.AndroidTest -->
    </test> <!-- Default test -->
  </suite> <!-- Default suite -->
</testng-results>
